\BOOKMARK [1][-]{section.1}{\376\377\000P\000u\000r\000p\000o\000s\000e}{}% 1
\BOOKMARK [1][-]{section.2}{\376\377\000S\000t\000a\000t\000e\000m\000e\000n\000t}{}% 2
\BOOKMARK [1][-]{section.3}{\376\377\000T\000e\000c\000h\000n\000i\000c\000a\000l\000\040\000I\000m\000p\000l\000e\000m\000e\000n\000t\000a\000t\000i\000o\000n}{}% 3
\BOOKMARK [2][-]{subsection.3.1}{\376\377\000G\000a\000u\000s\000s\000i\000a\000n\000\040\000R\000e\000p\000r\000e\000s\000e\000n\000t\000a\000t\000i\000o\000n\000\040\000o\000f\000\040\000t\000h\000e\000\040\000w\000o\000r\000l\000d}{section.3}% 4
\BOOKMARK [2][-]{subsection.3.2}{\376\377\000S\000o\000r\000t\000i\000n\000g\000\040\000G\000a\000u\000s\000s\000i\000a\000n\000s\000\040\000a\000c\000c\000o\000r\000d\000i\000n\000g\000\040\000t\000o\000\040\000t\000h\000e\000i\000r\000\040\000d\000e\000p\000t\000h\000\040\000f\000r\000o\000m\000\040\000t\000h\000e\000\040\000c\000a\000m\000e\000r\000a}{section.3}% 5
\BOOKMARK [2][-]{subsection.3.3}{\376\377\000P\000a\000s\000s\000i\000n\000g\000\040\000a\000\040\000l\000o\000t\000\040\000d\000a\000t\000a\000\040\000t\000o\000\040\000t\000h\000e\000\040\000s\000h\000a\000d\000e\000r\000s}{section.3}% 6
\BOOKMARK [2][-]{subsection.3.4}{\376\377\000R\000e\000n\000d\000e\000r\000i\000n\000g\000\040\000G\000a\000u\000s\000s\000i\000a\000n\000s}{section.3}% 7
\BOOKMARK [3][-]{subsubsection.3.4.1}{\376\377\000P\000r\000o\000j\000e\000c\000t\000i\000n\000g\000\040\000t\000h\000e\000\040\0003\000D\000\040\000G\000a\000u\000s\000s\000i\000a\000n\000\040\000i\000n\000t\000o\000\040\000a\000\040\0002\000D\000\040\000G\000a\000u\000s\000s\000i\000a\000n}{subsection.3.4}% 8
\BOOKMARK [3][-]{subsubsection.3.4.2}{\376\377\000R\000e\000n\000d\000e\000r\000i\000n\000g\000\040\000t\000h\000e\000\040\0002\000D\000\040\000G\000a\000u\000s\000s\000i\000a\000n}{subsection.3.4}% 9
\BOOKMARK [2][-]{subsection.3.5}{\376\377\000I\000n\000t\000e\000g\000r\000a\000t\000i\000n\000g\000\040\000t\000h\000e\000\040\000g\000u\000a\000s\000s\000i\000a\000n\000s\000\040\000w\000i\000t\000h\000\040\000m\000e\000s\000h\000e\000s}{section.3}% 10
\BOOKMARK [2][-]{subsection.3.6}{\376\377\000S\000t\000o\000r\000i\000n\000g\000\040\000g\000a\000u\000s\000s\000i\000a\000n\000s\000\040\000i\000n\000\040\000a\000n\000\040\000O\000c\000t\000T\000r\000e\000e}{section.3}% 11
\BOOKMARK [3][-]{subsubsection.3.6.1}{\376\377\000V\000i\000s\000u\000z\000l\000i\000z\000i\000n\000g\000\040\000t\000h\000e\000\040\000O\000c\000t\000T\000r\000e\000e}{subsection.3.6}% 12
\BOOKMARK [3][-]{subsubsection.3.6.2}{\376\377\000Q\000u\000e\000r\000i\000n\000g\000\040\000t\000h\000e\000\040\000O\000c\000t\000T\000r\000e\000e\000\040\000f\000o\000r\000\040\000c\000o\000l\000l\000i\000s\000i\000o\000n\000s}{subsection.3.6}% 13
\BOOKMARK [3][-]{subsubsection.3.6.3}{\376\377\000D\000e\000l\000e\000t\000i\000n\000g\000\040\000S\000p\000l\000a\000t\000s\000\040\000u\000s\000i\000n\000g\000\040\000t\000h\000e\000\040\000O\000c\000t\000T\000r\000e\000e}{subsection.3.6}% 14
\BOOKMARK [2][-]{subsection.3.7}{\376\377\000P\000o\000l\000y\000g\000o\000n\000\040\000b\000a\000s\000e\000d\000\040\000o\000b\000j\000e\000c\000t\000s\000\040\000c\000a\000s\000t\000i\000n\000g\000\040\000a\000\040\000s\000h\000a\000d\000o\000w\000\040\000o\000n\000\040\000t\000h\000e\000\040\000G\000a\000u\000s\000s\000i\000a\000n\000s}{section.3}% 15
\BOOKMARK [2][-]{subsection.3.8}{\376\377\000P\000o\000l\000y\000g\000o\000n\000\040\000b\000a\000s\000e\000d\000\040\000o\000b\000j\000e\000c\000t\000s\000\040\000n\000o\000t\000\040\000i\000n\000t\000e\000r\000s\000e\000c\000t\000i\000n\000g\000\040\000w\000i\000t\000h\000\040\000t\000h\000e\000\040\000g\000a\000u\000s\000s\000i\000a\000n\000s}{section.3}% 16
\BOOKMARK [2][-]{subsection.3.9}{\376\377\000C\000o\000m\000b\000i\000n\000i\000n\000g\000\040\000t\000w\000o\000\040\000s\000c\000e\000n\000e\000s}{section.3}% 17
\BOOKMARK [2][-]{subsection.3.10}{\376\377\000S\000p\000e\000e\000d\000i\000n\000g\000\040\000u\000p\000\040\000o\000p\000e\000n\000i\000n\000g\000\040\000t\000h\000e\000\040\000p\000l\000y\000\040\000f\000i\000l\000e\000s\000\040\000u\000s\000i\000n\000g\000\040\000s\000e\000r\000i\000a\000l\000i\000z\000a\000t\000i\000o\000n\000\040\000\050\000R\000k\000y\000v\000\051}{section.3}% 18
\BOOKMARK [2][-]{subsection.3.11}{\376\377\000M\000a\000k\000i\000n\000g\000\040\000t\000h\000e\000\040\000v\000i\000e\000w\000e\000r\000\040\000c\000r\000o\000s\000s\000\040\000p\000l\000a\000t\000f\000o\000r\000m\000\040\000u\000s\000i\000n\000g\000\040\000W\000e\000b\000A\000s\000s\000e\000m\000b\000l\000y}{section.3}% 19
\BOOKMARK [2][-]{subsection.3.12}{\376\377\000P\000i\000c\000k\000i\000n\000g\000\040\000n\000o\000r\000m\000a\000l\000\040\000o\000b\000j\000e\000c\000t\000s}{section.3}% 20
\BOOKMARK [2][-]{subsection.3.13}{\376\377\000C\000o\000d\000e\000\040\000W\000a\000l\000k\000t\000h\000r\000o\000u\000g\000h}{section.3}% 21
\BOOKMARK [1][-]{section.4}{\376\377\000B\000i\000b\000l\000i\000o\000g\000r\000a\000p\000h\000y}{}% 22
